[11-May-2026 10:33:05 UTC] PHP Fatal error:  Uncaught TypeError: Cannot access offset of type string on string in D:\xampp\htdocs\Jagdamba\wp-content\themes\jagdamba-theme\front-page.php:104
Stack trace:
#0 D:\xampp\htdocs\Jagdamba\wp-includes\template-loader.php(132): include()
#1 D:\xampp\htdocs\Jagdamba\wp-blog-header.php(19): require_once('D:\\xampp\\htdocs...')
#2 D:\xampp\htdocs\Jagdamba\index.php(17): require('D:\\xampp\\htdocs...')
#3 {main}
  thrown in D:\xampp\htdocs\Jagdamba\wp-content\themes\jagdamba-theme\front-page.php on line 104
[11-May-2026 10:43:38 UTC] PHP Warning:  Trying to access array offset on value of type null in D:\xampp\htdocs\Jagdamba\wp-content\themes\jagdamba-theme\page-contact-us.php on line 30
[11-May-2026 10:50:45 UTC] PHP Parse error:  syntax error, unexpected token "<", expecting end of file in D:\xampp\htdocs\Jagdamba\wp-content\themes\jagdamba-theme\functions.php on line 849
[11-May-2026 10:50:45 UTC] PHP Warning:  Trying to access array offset on value of type bool in D:\xampp\htdocs\Jagdamba\wp-includes\class-wp-recovery-mode-email-service.php on line 367
[11-May-2026 10:50:45 UTC] PHP Warning:  Trying to access array offset on value of type bool in D:\xampp\htdocs\Jagdamba\wp-includes\class-wp-recovery-mode-email-service.php on line 368
[11-May-2026 10:50:46 UTC] PHP Parse error:  syntax error, unexpected token "<", expecting end of file in D:\xampp\htdocs\Jagdamba\wp-content\themes\jagdamba-theme\functions.php on line 849
[11-May-2026 10:50:46 UTC] PHP Parse error:  syntax error, unexpected token "<", expecting end of file in D:\xampp\htdocs\Jagdamba\wp-content\themes\jagdamba-theme\functions.php on line 849
[11-May-2026 10:53:20 UTC] PHP Warning:  Trying to access array offset on value of type bool in D:\xampp\htdocs\Jagdamba\wp-content\themes\jagdamba-theme\page-contact-us.php on line 30
[11-May-2026 10:56:09 UTC] PHP Parse error:  syntax error, unexpected token "<", expecting end of file in D:\xampp\htdocs\Jagdamba\wp-content\themes\jagdamba-theme\functions.php on line 1059
[11-May-2026 10:56:10 UTC] PHP Parse error:  syntax error, unexpected token "<", expecting end of file in D:\xampp\htdocs\Jagdamba\wp-content\themes\jagdamba-theme\functions.php on line 1059
[11-May-2026 19:53:06 UTC] Automatic updates starting...
[11-May-2026 19:53:07 UTC]   Automatic plugin updates starting...
[11-May-2026 19:53:07 UTC]   Automatic plugin updates complete.
[11-May-2026 19:53:08 UTC] Automatic updates complete.
[12-May-2026 02:51:56 UTC] Automatic updates starting...
[12-May-2026 02:51:56 UTC]   Automatic plugin updates starting...
[12-May-2026 02:51:57 UTC]   Automatic plugin updates complete.
[12-May-2026 02:51:58 UTC] Automatic updates complete.
[12-May-2026 05:29:22 UTC] PHP Fatal error:  Out of memory (allocated 41943040) (tried to allocate 20480 bytes) in D:\xampp\htdocs\Jagdamba\wp-includes\blocks\blocks-json.php on line 3
[12-May-2026 10:13:48 UTC] PHP Fatal error:  Uncaught TypeError: Cannot access offset of type string on string in D:\xampp\htdocs\Jagdamba\wp-content\themes\jagdamba-theme\front-page.php:95
Stack trace:
#0 D:\xampp\htdocs\Jagdamba\wp-includes\template-loader.php(132): include()
#1 D:\xampp\htdocs\Jagdamba\wp-blog-header.php(19): require_once('D:\\xampp\\htdocs...')
#2 D:\xampp\htdocs\Jagdamba\index.php(17): require('D:\\xampp\\htdocs...')
#3 {main}
  thrown in D:\xampp\htdocs\Jagdamba\wp-content\themes\jagdamba-theme\front-page.php on line 95
[12-May-2026 10:18:57 UTC] PHP Fatal error:  Uncaught TypeError: Cannot access offset of type string on string in D:\xampp\htdocs\Jagdamba\wp-content\themes\jagdamba-theme\front-page.php:95
Stack trace:
#0 D:\xampp\htdocs\Jagdamba\wp-includes\template-loader.php(132): include()
#1 D:\xampp\htdocs\Jagdamba\wp-blog-header.php(19): require_once('D:\\xampp\\htdocs...')
#2 D:\xampp\htdocs\Jagdamba\index.php(17): require('D:\\xampp\\htdocs...')
#3 {main}
  thrown in D:\xampp\htdocs\Jagdamba\wp-content\themes\jagdamba-theme\front-page.php on line 95
[12-May-2026 10:27:48 UTC] PHP Fatal error:  Uncaught TypeError: Cannot access offset of type string on string in D:\xampp\htdocs\Jagdamba\wp-content\themes\jagdamba-theme\front-page.php:95
Stack trace:
#0 D:\xampp\htdocs\Jagdamba\wp-includes\template-loader.php(132): include()
#1 D:\xampp\htdocs\Jagdamba\wp-blog-header.php(19): require_once('D:\\xampp\\htdocs...')
#2 D:\xampp\htdocs\Jagdamba\index.php(17): require('D:\\xampp\\htdocs...')
#3 {main}
  thrown in D:\xampp\htdocs\Jagdamba\wp-content\themes\jagdamba-theme\front-page.php on line 95
[12-May-2026 10:29:39 UTC] PHP Fatal error:  Uncaught TypeError: Cannot access offset of type string on string in D:\xampp\htdocs\Jagdamba\wp-content\themes\jagdamba-theme\front-page.php:151
Stack trace:
#0 D:\xampp\htdocs\Jagdamba\wp-includes\template-loader.php(132): include()
#1 D:\xampp\htdocs\Jagdamba\wp-blog-header.php(19): require_once('D:\\xampp\\htdocs...')
#2 D:\xampp\htdocs\Jagdamba\index.php(17): require('D:\\xampp\\htdocs...')
#3 {main}
  thrown in D:\xampp\htdocs\Jagdamba\wp-content\themes\jagdamba-theme\front-page.php on line 151
[12-May-2026 10:29:54 UTC] PHP Fatal error:  Uncaught TypeError: Cannot access offset of type string on string in D:\xampp\htdocs\Jagdamba\wp-content\themes\jagdamba-theme\front-page.php:151
Stack trace:
#0 D:\xampp\htdocs\Jagdamba\wp-includes\template-loader.php(132): include()
#1 D:\xampp\htdocs\Jagdamba\wp-blog-header.php(19): require_once('D:\\xampp\\htdocs...')
#2 D:\xampp\htdocs\Jagdamba\index.php(17): require('D:\\xampp\\htdocs...')
#3 {main}
  thrown in D:\xampp\htdocs\Jagdamba\wp-content\themes\jagdamba-theme\front-page.php on line 151
[13-May-2026 02:39:25 UTC] Automatic updates starting...
[13-May-2026 02:39:26 UTC]   Automatic plugin updates starting...
[13-May-2026 02:39:26 UTC]   Automatic plugin updates complete.
[13-May-2026 02:39:27 UTC] Automatic updates complete.
[13-May-2026 02:39:32 UTC] PHP Fatal error:  Uncaught TypeError: Cannot access offset of type string on string in D:\xampp\htdocs\Jagdamba\wp-content\themes\jagdamba-theme\page-about-us.php:215
Stack trace:
#0 D:\xampp\htdocs\Jagdamba\wp-includes\template-loader.php(132): include()
#1 D:\xampp\htdocs\Jagdamba\wp-blog-header.php(19): require_once('D:\\xampp\\htdocs...')
#2 D:\xampp\htdocs\Jagdamba\index.php(17): require('D:\\xampp\\htdocs...')
#3 {main}
  thrown in D:\xampp\htdocs\Jagdamba\wp-content\themes\jagdamba-theme\page-about-us.php on line 215
[13-May-2026 02:39:32 UTC] PHP Fatal error:  Uncaught TypeError: Cannot access offset of type string on string in D:\xampp\htdocs\Jagdamba\wp-content\themes\jagdamba-theme\page-about-us.php:215
Stack trace:
#0 D:\xampp\htdocs\Jagdamba\wp-includes\template-loader.php(132): include()
#1 D:\xampp\htdocs\Jagdamba\wp-blog-header.php(19): require_once('D:\\xampp\\htdocs...')
#2 D:\xampp\htdocs\Jagdamba\index.php(17): require('D:\\xampp\\htdocs...')
#3 {main}
  thrown in D:\xampp\htdocs\Jagdamba\wp-content\themes\jagdamba-theme\page-about-us.php on line 215
[13-May-2026 02:40:21 UTC] PHP Fatal error:  Uncaught TypeError: Cannot access offset of type string on string in D:\xampp\htdocs\Jagdamba\wp-content\themes\jagdamba-theme\page-about-us.php:215
Stack trace:
#0 D:\xampp\htdocs\Jagdamba\wp-includes\template-loader.php(132): include()
#1 D:\xampp\htdocs\Jagdamba\wp-blog-header.php(19): require_once('D:\\xampp\\htdocs...')
#2 D:\xampp\htdocs\Jagdamba\index.php(17): require('D:\\xampp\\htdocs...')
#3 {main}
  thrown in D:\xampp\htdocs\Jagdamba\wp-content\themes\jagdamba-theme\page-about-us.php on line 215
[13-May-2026 02:40:21 UTC] PHP Fatal error:  Uncaught TypeError: Cannot access offset of type string on string in D:\xampp\htdocs\Jagdamba\wp-content\themes\jagdamba-theme\page-about-us.php:215
Stack trace:
#0 D:\xampp\htdocs\Jagdamba\wp-includes\template-loader.php(132): include()
#1 D:\xampp\htdocs\Jagdamba\wp-blog-header.php(19): require_once('D:\\xampp\\htdocs...')
#2 D:\xampp\htdocs\Jagdamba\index.php(17): require('D:\\xampp\\htdocs...')
#3 {main}
  thrown in D:\xampp\htdocs\Jagdamba\wp-content\themes\jagdamba-theme\page-about-us.php on line 215
[13-May-2026 02:41:26 UTC] PHP Fatal error:  Uncaught TypeError: Cannot access offset of type string on string in D:\xampp\htdocs\Jagdamba\wp-content\themes\jagdamba-theme\page-about-us.php:215
Stack trace:
#0 D:\xampp\htdocs\Jagdamba\wp-includes\template-loader.php(132): include()
#1 D:\xampp\htdocs\Jagdamba\wp-blog-header.php(19): require_once('D:\\xampp\\htdocs...')
#2 D:\xampp\htdocs\Jagdamba\index.php(17): require('D:\\xampp\\htdocs...')
#3 {main}
  thrown in D:\xampp\htdocs\Jagdamba\wp-content\themes\jagdamba-theme\page-about-us.php on line 215
[13-May-2026 02:41:28 UTC] PHP Fatal error:  Uncaught TypeError: Cannot access offset of type string on string in D:\xampp\htdocs\Jagdamba\wp-content\themes\jagdamba-theme\page-about-us.php:215
Stack trace:
#0 D:\xampp\htdocs\Jagdamba\wp-includes\template-loader.php(132): include()
#1 D:\xampp\htdocs\Jagdamba\wp-blog-header.php(19): require_once('D:\\xampp\\htdocs...')
#2 D:\xampp\htdocs\Jagdamba\index.php(17): require('D:\\xampp\\htdocs...')
#3 {main}
  thrown in D:\xampp\htdocs\Jagdamba\wp-content\themes\jagdamba-theme\page-about-us.php on line 215
[13-May-2026 02:41:34 UTC] PHP Fatal error:  Uncaught TypeError: Cannot access offset of type string on string in D:\xampp\htdocs\Jagdamba\wp-content\themes\jagdamba-theme\page-about-us.php:215
Stack trace:
#0 D:\xampp\htdocs\Jagdamba\wp-includes\template-loader.php(132): include()
#1 D:\xampp\htdocs\Jagdamba\wp-blog-header.php(19): require_once('D:\\xampp\\htdocs...')
#2 D:\xampp\htdocs\Jagdamba\index.php(17): require('D:\\xampp\\htdocs...')
#3 {main}
  thrown in D:\xampp\htdocs\Jagdamba\wp-content\themes\jagdamba-theme\page-about-us.php on line 215
[13-May-2026 02:41:47 UTC] PHP Fatal error:  Uncaught TypeError: Cannot access offset of type string on string in D:\xampp\htdocs\Jagdamba\wp-content\themes\jagdamba-theme\page-about-us.php:215
Stack trace:
#0 D:\xampp\htdocs\Jagdamba\wp-includes\template-loader.php(132): include()
#1 D:\xampp\htdocs\Jagdamba\wp-blog-header.php(19): require_once('D:\\xampp\\htdocs...')
#2 D:\xampp\htdocs\Jagdamba\index.php(17): require('D:\\xampp\\htdocs...')
#3 {main}
  thrown in D:\xampp\htdocs\Jagdamba\wp-content\themes\jagdamba-theme\page-about-us.php on line 215
[13-May-2026 02:44:01 UTC] PHP Fatal error:  Uncaught TypeError: Cannot access offset of type string on string in D:\xampp\htdocs\Jagdamba\wp-content\themes\jagdamba-theme\page-about-us.php:214
Stack trace:
#0 D:\xampp\htdocs\Jagdamba\wp-includes\template-loader.php(132): include()
#1 D:\xampp\htdocs\Jagdamba\wp-blog-header.php(19): require_once('D:\\xampp\\htdocs...')
#2 D:\xampp\htdocs\Jagdamba\index.php(17): require('D:\\xampp\\htdocs...')
#3 {main}
  thrown in D:\xampp\htdocs\Jagdamba\wp-content\themes\jagdamba-theme\page-about-us.php on line 214
[13-May-2026 03:11:02 UTC] Automatic updates starting...
[13-May-2026 03:11:02 UTC]   Automatic plugin updates starting...
[13-May-2026 03:11:02 UTC]   Automatic plugin updates complete.
[13-May-2026 03:11:02 UTC] Automatic updates complete.
[13-May-2026 06:13:44 UTC] PHP Fatal error:  Uncaught TypeError: Cannot access offset of type string on string in D:\xampp\htdocs\Jagdamba\wp-content\themes\jagdamba-theme\page-about-us.php:185
Stack trace:
#0 D:\xampp\htdocs\Jagdamba\wp-includes\template-loader.php(132): include()
#1 D:\xampp\htdocs\Jagdamba\wp-blog-header.php(19): require_once('D:\\xampp\\htdocs...')
#2 D:\xampp\htdocs\Jagdamba\index.php(17): require('D:\\xampp\\htdocs...')
#3 {main}
  thrown in D:\xampp\htdocs\Jagdamba\wp-content\themes\jagdamba-theme\page-about-us.php on line 185
[13-May-2026 06:55:54 UTC] PHP Fatal error:  Uncaught TypeError: Cannot access offset of type string on string in D:\xampp\htdocs\Jagdamba\wp-content\themes\jagdamba-theme\page-about-us.php:450
Stack trace:
#0 D:\xampp\htdocs\Jagdamba\wp-includes\template-loader.php(132): include()
#1 D:\xampp\htdocs\Jagdamba\wp-blog-header.php(19): require_once('D:\\xampp\\htdocs...')
#2 D:\xampp\htdocs\Jagdamba\index.php(17): require('D:\\xampp\\htdocs...')
#3 {main}
  thrown in D:\xampp\htdocs\Jagdamba\wp-content\themes\jagdamba-theme\page-about-us.php on line 450
[13-May-2026 06:56:04 UTC] PHP Warning:  Undefined variable $why_image in D:\xampp\htdocs\Jagdamba\wp-content\themes\jagdamba-theme\page-about-us.php on line 444
[13-May-2026 11:22:31 UTC] PHP Warning:  Undefined variable $image_url in D:\xampp\htdocs\Jagdamba\wp-content\themes\jagdamba-theme\front-page.php on line 51
[13-May-2026 11:22:31 UTC] PHP Warning:  Undefined variable $hero_title in D:\xampp\htdocs\Jagdamba\wp-content\themes\jagdamba-theme\front-page.php on line 67
